# 2023-11-14 22:26:35.446786
{
    "input": {
        "nodes": 2,
        "functions": [
            "lambda x: np.sin(128 * np.pi * x)",
            "lambda x: x"
        ],
        "length": 5000
    },
    "reservoir": {
        "start_node": 95,
        "end_node": 100,
        "step": 2,
        "degree_function": "lambda x: np.sqrt(x)",
        "sigma": 0.5,
        "bias": 1,
        "leakage_rate": 0.3,
        "regression_parameter": 1e-08
    },
    "output": {
        "nodes": 2
    },
    "training": {
        "init": 1000,
        "train": 3000,
        "test": 2000,
        "error": 1000
    }
}
# 2023-11-14 22:28:27.791699
{
    "input": {
        "nodes": 2,
        "functions": [
            "lambda x: np.sin(128 * np.pi * x)",
            "lambda x: x"
        ],
        "length": 5000
    },
    "reservoir": {
        "start_node": 95,
        "end_node": 100,
        "step": 2,
        "degree_function": "lambda x: np.sqrt(x)",
        "sigma": 0.5,
        "bias": 1,
        "leakage_rate": 0.3,
        "regression_parameter": 1e-08
    },
    "output": {
        "nodes": 2
    },
    "training": {
        "init": 1000,
        "train": 3000,
        "test": 2000,
        "error": 1000
    }
}
